<testsuites id="" name="" tests="6" failures="0" skipped="0" errors="0" time="31.673136">
<testsuite name="LoginTest.spec.ts" timestamp="2026-08-16T07:13:19.428Z" hostname="chromium" tests="2" failures="0" skipped="0" time="22.878" errors="0">
<testcase name="Dashboard test" classname="LoginTest.spec.ts" time="11.471">
</testcase>
<testcase name="Another test" classname="LoginTest.spec.ts" time="11.407">
</testcase>
</testsuite>
<testsuite name="LoginTest.spec.ts" timestamp="2026-08-16T07:13:19.428Z" hostname="firefox" tests="2" failures="0" skipped="0" time="28.393" errors="0">
<testcase name="Dashboard test" classname="LoginTest.spec.ts" time="14.959">
</testcase>
<testcase name="Another test" classname="LoginTest.spec.ts" time="13.434">
</testcase>
</testsuite>
<testsuite name="LoginTest.spec.ts" timestamp="2026-08-16T07:13:19.428Z" hostname="webkit" tests="2" failures="0" skipped="0" time="21.873" errors="0">
<testcase name="Dashboard test" classname="LoginTest.spec.ts" time="12.036">
</testcase>
<testcase name="Another test" classname="LoginTest.spec.ts" time="9.837">
</testcase>
</testsuite>
</testsuites>